[0mGET / [36m304[0m 62.258 ms - -[0m
[0mGET /user/signIn [36m304[0m 16.606 ms - -[0m
[0mPOST /user/createSession [36m302[0m 19.760 ms - 80[0m
[0mGET /user/user_profile [36m304[0m 14.689 ms - -[0m
[0mGET /user/resetpassword [36m304[0m 15.803 ms - -[0m
[0mGET /user/signout [36m302[0m 16.378 ms - 46[0m
[0mGET / [32m200[0m 3.744 ms - 950[0m
[0mGET /user/signIn [36m304[0m 5.320 ms - -[0m
[0mGET /user/forgetpassword [36m304[0m 10.105 ms - -[0m
[0mPOST /user/checkemail [36m302[0m 2852.163 ms - 68[0m
[0mGET /user/getotp [36m304[0m 6.457 ms - -[0m
[0mGET / [32m200[0m 46.639 ms - 689[0m
[0mGET /user/signIn [36m304[0m 20.960 ms - -[0m
[0mGET /user/signUp [36m304[0m 11.276 ms - -[0m
[0mGET /user/signIn [36m304[0m 13.177 ms - -[0m
[0mGET / [31m500[0m 58.095 ms - 1971[0m
[0mGET / [31m500[0m 29.719 ms - 1622[0m
[0mGET / [31m500[0m 35.337 ms - 1622[0m
[0mGET / [31m500[0m 7.954 ms - 1622[0m
[0mGET / [31m500[0m 8.620 ms - 1622[0m
[0mGET / [31m500[0m 6.725 ms - 1622[0m
[0mGET / [31m500[0m 9.051 ms - 1622[0m
[0mGET / [31m500[0m 6.507 ms - 1622[0m
[0mGET / [31m500[0m 5.287 ms - 1622[0m
[0mGET / [31m500[0m 32.082 ms - 1622[0m
[0mGET / [31m500[0m 6.442 ms - 1622[0m
[0mGET / [31m500[0m 7.342 ms - 1622[0m
[0mGET / [31m500[0m 5.144 ms - 1622[0m
[0mGET / [31m500[0m 6.528 ms - 1622[0m
[0mGET / [31m500[0m 7.409 ms - 1622[0m
[0mGET / [31m500[0m 10.837 ms - 1622[0m
[0mGET / [31m500[0m 8.053 ms - 1622[0m
[0mGET / [31m500[0m 7.046 ms - 1622[0m
[0mGET / [31m500[0m 4.994 ms - 1622[0m
[0mGET / [31m500[0m 5.741 ms - 1622[0m
[0mGET / [31m500[0m 4.665 ms - 1622[0m
[0mGET / [31m500[0m 25.173 ms - 1622[0m
[0mGET / [31m500[0m 4.979 ms - 1622[0m
[0mGET / [31m500[0m 4.837 ms - 1622[0m
[0mGET / [31m500[0m 4.777 ms - 1622[0m
[0mGET / [31m500[0m 4.777 ms - 1622[0m
[0mGET / [32m200[0m 24.022 ms - 701[0m
[0mGET /%3CassetPath(/css/layout.css) [33m404[0m 7.059 ms - 168[0m
[0mGET /%3CassetPath(/css/layout.css) [33m404[0m 4.438 ms - 168[0m
[0mGET / [31m500[0m 21.533 ms - 1622[0m
[0mGET / [32m200[0m 19.415 ms - 689[0m
